Mon Nov 11 21:53:44 CET 2013 : Apache Derby Network Server - 10.9.1.0 - (1344872) started and ready to accept connections on port 1527
----------------------------------------------------------------
Mon Nov 11 21:53:45 CET 2013:
Booting Derby version The Apache Software Foundation - Apache Derby - 10.9.1.0 - (1344872): instance a816c00e-0142-48f1-074c-ffffb72454b2 
on database directory /Users/jibbo/NetBeansProjects/projectProgWeb/db/prog1db  with class loader sun.misc.Launcher$AppClassLoader@23137792 
Loaded from file:/Applications/NetBeans/glassfish-4.0/javadb/lib/derby.jar
java.vendor=Oracle Corporation
java.runtime.version=1.7.0_45-b18
user.dir=/Applications/NetBeans/glassfish-4.0/javadb
derby.system.home=/Users/jibbo/NetBeansProjects/projectProgWeb/db
Database Class Loader started - derby.database.classpath=''
----------------------------------------------------------------
Mon Nov 11 21:53:46 CET 2013:
Shutting down instance a816c00e-0142-48f1-074c-ffffb72454b2 on database directory /Users/jibbo/NetBeansProjects/projectProgWeb/db/prog1db with class loader sun.misc.Launcher$AppClassLoader@23137792 
Mon Nov 11 21:53:46 CET 2013 Thread[DRDAConnThread_4,5,main] (DATABASE = prog1db), (DRDAID = {2}), Database 'prog1db' shutdown.
----------------------------------------------------------------
Mon Nov 11 21:53:55 CET 2013:
Booting Derby version The Apache Software Foundation - Apache Derby - 10.9.1.0 - (1344872): instance 45b300a8-0142-48f1-074c-ffffb72454b2 
on database directory /Users/jibbo/NetBeansProjects/projectProgWeb/db/prog1db  with class loader sun.misc.Launcher$AppClassLoader@23137792 
Loaded from file:/Applications/NetBeans/glassfish-4.0/javadb/lib/derby.jar
java.vendor=Oracle Corporation
java.runtime.version=1.7.0_45-b18
user.dir=/Applications/NetBeans/glassfish-4.0/javadb
derby.system.home=/Users/jibbo/NetBeansProjects/projectProgWeb/db
Database Class Loader started - derby.database.classpath=''
